2025-10-07 23:09:41 - Mailer Exception: SMTP Error: Could not authenticate.
File: C:\xampp\htdocs\miles_dental_clinic\vendor\phpmailer\phpmailer\src\PHPMailer.php Line: 2327
Trace: #0 C:\xampp\htdocs\miles_dental_clinic\vendor\phpmailer\phpmailer\src\PHPMailer.php(2118): PHPMailer\PHPMailer\PHPMailer->smtpConnect(Array)
#1 C:\xampp\htdocs\miles_dental_clinic\vendor\phpmailer\phpmailer\src\PHPMailer.php(1747): PHPMailer\PHPMailer\PHPMailer->smtpSend('Date: Tue, 7 Oc...', '--b1=_qsWlpCqht...')
#2 C:\xampp\htdocs\miles_dental_clinic\vendor\phpmailer\phpmailer\src\PHPMailer.php(1564): PHPMailer\PHPMailer\PHPMailer->postSend()
#3 C:\xampp\htdocs\miles_dental_clinic\mailer.php(88): PHPMailer\PHPMailer\PHPMailer->send()
#4 C:\xampp\htdocs\miles_dental_clinic\forgot_password.php(57): sendMail('faaaannnyy@gmai...', 'Your Password R...', '<p>Your One-Tim...', '', 'Your OTP is 828...')
#5 {main}

2025-10-07 23:21:14 - Mailer Exception: SMTP Error: Could not authenticate.
File: C:\xampp\htdocs\miles_dental_clinic\vendor\phpmailer\phpmailer\src\PHPMailer.php Line: 2327
Trace: #0 C:\xampp\htdocs\miles_dental_clinic\vendor\phpmailer\phpmailer\src\PHPMailer.php(2118): PHPMailer\PHPMailer\PHPMailer->smtpConnect(Array)
#1 C:\xampp\htdocs\miles_dental_clinic\vendor\phpmailer\phpmailer\src\PHPMailer.php(1747): PHPMailer\PHPMailer\PHPMailer->smtpSend('Date: Tue, 7 Oc...', '--b1=_thlf2inLA...')
#2 C:\xampp\htdocs\miles_dental_clinic\vendor\phpmailer\phpmailer\src\PHPMailer.php(1564): PHPMailer\PHPMailer\PHPMailer->postSend()
#3 C:\xampp\htdocs\miles_dental_clinic\mailer.php(88): PHPMailer\PHPMailer\PHPMailer->send()
#4 C:\xampp\htdocs\miles_dental_clinic\forgot_password.php(57): sendMail('faaaannnyy@gmai...', 'Your Password R...', '<p>Your One-Tim...', '', 'Your OTP is 801...')
#5 {main}

2025-10-07 23:34:48 - Mailer Exception: SMTP Error: Could not authenticate.
File: C:\xampp\htdocs\miles_dental_clinic\vendor\phpmailer\phpmailer\src\PHPMailer.php Line: 2327
Trace: #0 C:\xampp\htdocs\miles_dental_clinic\vendor\phpmailer\phpmailer\src\PHPMailer.php(2118): PHPMailer\PHPMailer\PHPMailer->smtpConnect(Array)
#1 C:\xampp\htdocs\miles_dental_clinic\vendor\phpmailer\phpmailer\src\PHPMailer.php(1747): PHPMailer\PHPMailer\PHPMailer->smtpSend('Date: Tue, 7 Oc...', '--b1=_MsGuPDmcb...')
#2 C:\xampp\htdocs\miles_dental_clinic\vendor\phpmailer\phpmailer\src\PHPMailer.php(1564): PHPMailer\PHPMailer\PHPMailer->postSend()
#3 C:\xampp\htdocs\miles_dental_clinic\mailer.php(88): PHPMailer\PHPMailer\PHPMailer->send()
#4 C:\xampp\htdocs\miles_dental_clinic\forgot_password.php(57): sendMail('faaaannnyy@gmai...', 'Your Password R...', '<p>Your One-Tim...', '', 'Your OTP is 521...')
#5 {main}

2025-10-07 23:35:22 - Mailer Exception: SMTP Error: Could not authenticate.
File: C:\xampp\htdocs\miles_dental_clinic\vendor\phpmailer\phpmailer\src\PHPMailer.php Line: 2327
Trace: #0 C:\xampp\htdocs\miles_dental_clinic\vendor\phpmailer\phpmailer\src\PHPMailer.php(2118): PHPMailer\PHPMailer\PHPMailer->smtpConnect(Array)
#1 C:\xampp\htdocs\miles_dental_clinic\vendor\phpmailer\phpmailer\src\PHPMailer.php(1747): PHPMailer\PHPMailer\PHPMailer->smtpSend('Date: Tue, 7 Oc...', '--b1=_dHvGwXC2j...')
#2 C:\xampp\htdocs\miles_dental_clinic\vendor\phpmailer\phpmailer\src\PHPMailer.php(1564): PHPMailer\PHPMailer\PHPMailer->postSend()
#3 C:\xampp\htdocs\miles_dental_clinic\mailer.php(88): PHPMailer\PHPMailer\PHPMailer->send()
#4 C:\xampp\htdocs\miles_dental_clinic\forgot_password.php(57): sendMail('nightmarefox50@...', 'Your Password R...', '<p>Your One-Tim...', '', 'Your OTP is 128...')
#5 {main}

2025-10-07 23:44:14 - Mailer Exception: SMTP Error: Could not authenticate.
File: C:\xampp\htdocs\miles_dental_clinic\vendor\phpmailer\phpmailer\src\PHPMailer.php Line: 2327
Trace: #0 C:\xampp\htdocs\miles_dental_clinic\vendor\phpmailer\phpmailer\src\PHPMailer.php(2118): PHPMailer\PHPMailer\PHPMailer->smtpConnect(Array)
#1 C:\xampp\htdocs\miles_dental_clinic\vendor\phpmailer\phpmailer\src\PHPMailer.php(1747): PHPMailer\PHPMailer\PHPMailer->smtpSend('Date: Tue, 7 Oc...', '--b1=_ldKVOzBy7...')
#2 C:\xampp\htdocs\miles_dental_clinic\vendor\phpmailer\phpmailer\src\PHPMailer.php(1564): PHPMailer\PHPMailer\PHPMailer->postSend()
#3 C:\xampp\htdocs\miles_dental_clinic\mailer.php(88): PHPMailer\PHPMailer\PHPMailer->send()
#4 C:\xampp\htdocs\miles_dental_clinic\forgot_password.php(57): sendMail('nightmarefox50@...', 'Your Password R...', '<p>Your One-Tim...', '', 'Your OTP is 538...')
#5 {main}

2025-10-07 17:45:42 - Mailer Exception: SMTP Error: Could not authenticate.
File: C:\xampp\htdocs\miles_dental_clinic\vendor\phpmailer\phpmailer\src\PHPMailer.php Line: 2327
Trace: #0 C:\xampp\htdocs\miles_dental_clinic\vendor\phpmailer\phpmailer\src\PHPMailer.php(2118): PHPMailer\PHPMailer\PHPMailer->smtpConnect(Array)
#1 C:\xampp\htdocs\miles_dental_clinic\vendor\phpmailer\phpmailer\src\PHPMailer.php(1747): PHPMailer\PHPMailer\PHPMailer->smtpSend('Date: Tue, 7 Oc...', '--b1=_gpexbFXar...')
#2 C:\xampp\htdocs\miles_dental_clinic\vendor\phpmailer\phpmailer\src\PHPMailer.php(1564): PHPMailer\PHPMailer\PHPMailer->postSend()
#3 C:\xampp\htdocs\miles_dental_clinic\mailer.php(88): PHPMailer\PHPMailer\PHPMailer->send()
#4 C:\xampp\htdocs\miles_dental_clinic\appointment_notifications.php(60): sendMail('nightmarefox50@...', 'Fernando Estrad...', 'Appointment Con...', '<!DOCTYPE html>...')
#5 C:\xampp\htdocs\miles_dental_clinic\admin_appointments.php(222): sendAppointmentConfirmedEmail('nightmarefox50@...', 'Fernando Estrad...', '2025-10-14', '11:30:00', 'Full Braces')
#6 {main}

2025-10-08 00:08:38 - Mailer Exception: SMTP Error: Could not authenticate.
2025-10-08 00:19:38 - Mailer Exception: SMTP Error: Could not authenticate.
2025-10-08 00:22:04 - Mailer Exception: SMTP Error: Could not authenticate.
2025-10-08 00:25:04 - Mailer Exception: SMTP Error: Could not authenticate.
2025-10-16 03:34:14 - Mailer Exception: SMTP Error: Could not connect to SMTP host. Failed to connect to server
2025-10-16 03:50:49 - Mailer Exception: SMTP Error: Could not connect to SMTP host. Failed to connect to server
2025-10-16 06:33:14 - Mailer Exception: SMTP Error: Could not connect to SMTP host. Connection failed. stream_socket_enable_crypto(): SSL: Handshake timed out
2025-10-16 06:34:14 - Mailer Exception: SMTP Error: Could not connect to SMTP host.
2025-10-21 07:29:13 - Mailer Exception: SMTP Error: Could not connect to SMTP host. Failed to connect to server
2025-10-21 07:32:01 - Mailer Exception: SMTP Error: Could not connect to SMTP host. Failed to connect to server
2025-10-21 07:33:05 - Mailer Exception: SMTP Error: Could not connect to SMTP host. Failed to connect to server
2025-10-21 07:34:40 - Mailer Exception: SMTP Error: Could not connect to SMTP host. Failed to connect to server
2026-06-26 18:20:53 - Mailer Exception: SMTP Error: Could not authenticate.
2026-06-26 12:24:27 - Mailer Exception: SMTP Error: Could not authenticate.
